<?xml version="1.0" encoding="UTF-8"?>
<!-- Generated by org.testng.reporters.JUnitReportReporter -->
<testsuite hostname="LAPTOP-VEI73BV7" failures="0" tests="1" name="Project.NopTest" time="2.752" errors="0" timestamp="2025-09-04T14:27:29 IST" skipped="0">
  <testcase classname="Project.NopTest" name="comm_poll" time="2.752"/>
</testsuite> <!-- Project.NopTest -->
