<?xml version="1.0" encoding="UTF-8"?>
<!-- Generated by org.testng.reporters.JUnitReportReporter -->
<testsuite hostname="LAPTOP-VEI73BV7" failures="0" tests="4" name="testng_selenium.parallel_testing" time="26.202" errors="0" timestamp="2025-08-18T14:31:28 IST" skipped="0">
  <testcase classname="testng_selenium.parallel_testing" name="flipkart" time="7.335"/>
  <testcase classname="testng_selenium.parallel_testing" name="zerobank" time="7.872"/>
  <testcase classname="testng_selenium.parallel_testing" name="amazon" time="8.219"/>
  <testcase classname="testng_selenium.parallel_testing" name="eBay" time="2.776"/>
</testsuite> <!-- testng_selenium.parallel_testing -->
