<?xml version="1.0" encoding="UTF-8"?>
<!-- Generated by org.testng.reporters.JUnitReportReporter -->
<testsuite hostname="LAPTOP-VEI73BV7" failures="0" tests="1" name="testng_selenium.Ebay_testng" time="2.680" errors="0" timestamp="2025-08-13T12:11:25 IST" skipped="0">
  <testcase classname="testng_selenium.Ebay_testng" name="search" time="2.680"/>
</testsuite> <!-- testng_selenium.Ebay_testng -->
