<?xml version="1.0" encoding="UTF-8"?>
<!-- Generated by org.testng.reporters.JUnitReportReporter -->
<testsuite hostname="LAPTOP-VEI73BV7" failures="0" tests="4" name="testng_selenium.SauceDemoTest" time="15.782" errors="0" timestamp="2025-08-20T22:54:10 IST" skipped="0">
  <testcase classname="testng_selenium.SauceDemoTest" name="loginTest" time="4.355"/>
  <testcase classname="testng_selenium.SauceDemoTest" name="addToCartTest" time="4.125"/>
  <testcase classname="testng_selenium.SauceDemoTest" name="checkoutTest" time="5.031"/>
  <testcase classname="testng_selenium.SauceDemoTest" name="logoutTest" time="2.271"/>
</testsuite> <!-- testng_selenium.SauceDemoTest -->
