<?xml version="1.0" encoding="UTF-8"?>
<!-- Generated by org.testng.reporters.JUnitReportReporter -->
<testsuite hostname="LAPTOP-VEI73BV7" failures="0" tests="3" name="testng_selenium.Selenium_dev1" time="0.047" errors="0" timestamp="2025-08-18T12:32:44 IST" skipped="0">
  <testcase classname="testng_selenium.Selenium_dev1" name="title" time="0.027"/>
  <testcase classname="testng_selenium.Selenium_dev1" name="title" time="0.011"/>
  <testcase classname="testng_selenium.Selenium_dev1" name="title" time="0.009"/>
</testsuite> <!-- testng_selenium.Selenium_dev1 -->
