<?xml version="1.0" encoding="UTF-8"?>
<!-- Generated by org.testng.reporters.JUnitReportReporter -->
<testsuite hostname="LAPTOP-VEI73BV7" failures="0" tests="1" name="testng_selenium.Explicit_wait" time="4.413" errors="0" timestamp="2025-08-16T14:16:04 IST" skipped="0">
  <testcase classname="testng_selenium.Explicit_wait" name="f" time="4.413"/>
</testsuite> <!-- testng_selenium.Explicit_wait -->
