<?xml version="1.0" encoding="UTF-8"?>
<!-- Generated by org.testng.reporters.JUnitReportReporter -->
<testsuite hostname="LAPTOP-VEI73BV7" failures="0" tests="1" name="testng_selenium.Ebay_testing" time="4.929" errors="0" timestamp="2025-08-14T12:12:10 IST" skipped="0">
  <testcase classname="testng_selenium.Ebay_testing" name="search" time="4.929"/>
</testsuite> <!-- testng_selenium.Ebay_testing -->
