<?xml version="1.0" encoding="UTF-8"?>
<!-- Generated by org.testng.reporters.JUnitReportReporter -->
<testsuite hostname="LAPTOP-VEI73BV7" failures="0" tests="1" name="testng_selenium.Wait_examplejava" time="8.340" errors="0" timestamp="2025-08-14T16:47:09 IST" skipped="0">
  <testcase classname="testng_selenium.Wait_examplejava" name="openpage" time="8.340"/>
</testsuite> <!-- testng_selenium.Wait_examplejava -->
